<?xml version="1.0" encoding="UTF-8"?>
<testsuite name="com.calendar.events.boot.rest.controller.test.CalendarControllerTest" time="1.621" tests="6" errors="0" skipped="0" failures="0">
  <properties>
[...]
</properties>
  <testcase name="deleteCustomer" classname="com.calendar.events.boot.rest.controller.test.CalendarControllerTest" time="0.634"/>
  <testcase name="getAllEvents" classname="com.calendar.events.boot.rest.controller.test.CalendarControllerTest" time="0.188"/>
  <testcase name="createCalendarEvent" classname="com.calendar.events.boot.rest.controller.test.CalendarControllerTest" time="0.231"/>
  <testcase name="getCalendarEventById" classname="com.calendar.events.boot.rest.controller.test.CalendarControllerTest" time="0.185"/>
  <testcase name="updateCustomer" classname="com.calendar.events.boot.rest.controller.test.CalendarControllerTest" time="0.275"/>
  <testcase name="getNonExistantCalendarEventReturnsError404" classname="com.calendar.events.boot.rest.controller.test.CalendarControllerTest" time="0.108"/>
</testsuite>